mode: atomic
refresh-token-service/token/token.go:35.60,37.2 1 3
refresh-token-service/token/token.go:39.76,40.104 1 2
refresh-token-service/token/token.go:44.2,45.16 2 2
refresh-token-service/token/token.go:48.2,48.17 1 2
refresh-token-service/token/token.go:57.2,59.16 3 1
refresh-token-service/token/token.go:63.2,63.84 1 1
refresh-token-service/token/token.go:66.2,66.30 1 1
refresh-token-service/token/token.go:76.2,76.24 1 0
refresh-token-service/token/token.go:40.104,42.3 1 0
refresh-token-service/token/token.go:45.16,47.3 1 0
refresh-token-service/token/token.go:48.17,50.17 2 1
refresh-token-service/token/token.go:53.3,54.27 2 1
refresh-token-service/token/token.go:50.17,52.4 1 0
refresh-token-service/token/token.go:59.16,61.3 1 0
refresh-token-service/token/token.go:63.84,65.3 1 1
refresh-token-service/token/token.go:66.30,69.17 3 1
refresh-token-service/token/token.go:72.3,73.31 2 1
refresh-token-service/token/token.go:69.17,71.4 1 0
refresh-token-service/token/token.go:79.55,83.25 3 4
refresh-token-service/token/token.go:86.2,86.26 1 4
refresh-token-service/token/token.go:90.2,98.16 3 4
refresh-token-service/token/token.go:102.2,102.15 1 4
refresh-token-service/token/token.go:83.25,85.3 1 2
refresh-token-service/token/token.go:86.26,88.3 1 2
refresh-token-service/token/token.go:98.16,100.3 1 0
refresh-token-service/token/token.go:105.82,106.89 1 1
refresh-token-service/token/token.go:109.2,109.37 1 1
refresh-token-service/token/token.go:113.2,114.16 2 1
refresh-token-service/token/token.go:118.2,119.16 2 1
refresh-token-service/token/token.go:122.2,128.16 3 1
refresh-token-service/token/token.go:132.2,132.31 1 1
refresh-token-service/token/token.go:106.89,108.3 1 1
refresh-token-service/token/token.go:109.37,111.3 1 0
refresh-token-service/token/token.go:114.16,116.3 1 0
refresh-token-service/token/token.go:119.16,121.3 1 0
refresh-token-service/token/token.go:128.16,130.3 1 0
refresh-token-service/token/token.go:136.80,138.16 2 1
refresh-token-service/token/token.go:141.2,142.16 2 1
refresh-token-service/token/token.go:145.2,150.16 3 1
refresh-token-service/token/token.go:154.2,154.27 1 1
refresh-token-service/token/token.go:138.16,140.3 1 0
refresh-token-service/token/token.go:142.16,144.3 1 0
refresh-token-service/token/token.go:150.16,152.3 1 0
